<?xml version="1.0" encoding="UTF-8"?>
<testng-results skipped="0" failed="0" total="1" passed="1">
  <reporter-output>
  </reporter-output>
  <suite name="Default suite" duration-ms="92946" started-at="2014-06-24T03:20:00Z" finished-at="2014-06-24T03:21:33Z">
    <groups>
    </groups>
    <test name="Default test" duration-ms="92946" started-at="2014-06-24T03:20:00Z" finished-at="2014-06-24T03:21:33Z">
      <class name="com.smriti.firsttest.FirstTestCases">
        <test-method status="PASS" signature="setUp()[pri:0, instance:com.smriti.firsttest.FirstTestCases@17246de]" name="setUp" is-config="true" duration-ms="38889" started-at="2014-06-24T10:20:00Z" finished-at="2014-06-24T10:20:39Z">
          <reporter-output>
          </reporter-output>
        </test-method> <!-- setUp -->
        <test-method status="PASS" signature="testCases()[pri:0, instance:com.smriti.firsttest.FirstTestCases@17246de]" name="testCases" duration-ms="45955" started-at="2014-06-24T10:20:39Z" finished-at="2014-06-24T10:21:24Z">
          <reporter-output>
          </reporter-output>
        </test-method> <!-- testCases -->
        <test-method status="PASS" signature="tearDown()[pri:0, instance:com.smriti.firsttest.FirstTestCases@17246de]" name="tearDown" is-config="true" duration-ms="8085" started-at="2014-06-24T10:21:24Z" finished-at="2014-06-24T10:21:33Z">
          <reporter-output>
          </reporter-output>
        </test-method> <!-- tearDown -->
      </class> <!-- com.smriti.firsttest.FirstTestCases -->
    </test> <!-- Default test -->
  </suite> <!-- Default suite -->
</testng-results>
